<?xml version="1.0" encoding="UTF-8"?>
<!-- Generated by org.testng.reporters.JUnitReportReporter -->
<testsuite hostname="DESKTOP-BU7KLGC" failures="0" tests="4" name="org.inmaktest.TestngCal" time="4.344" errors="0" timestamp="2023-01-07T07:54:27 IST" skipped="0">
  <testcase classname="org.inmaktest.TestngCal" name="tc3" time="1.379"/>
  <system-out/>
  <testcase classname="org.inmaktest.TestngCal" name="eql" time="0.297"/>
  <system-out/>
  <testcase classname="org.inmaktest.TestngCal" name="tc2" time="0.691"/>
  <system-out/>
  <testcase classname="org.inmaktest.TestngCal" name="tc1" time="1.977"/>
  <system-out/>
</testsuite> <!-- org.inmaktest.TestngCal -->
