<?xml version="1.0" encoding="UTF-8"?>
<!-- Generated by org.testng.reporters.JUnitReportReporter -->
<testsuite hostname="DESKTOP-BU7KLGC" failures="0" tests="3" name="org.inmaktest.ContactEx" time="20.835" errors="0" timestamp="2023-01-07T23:10:26 IST" skipped="0">
  <testcase classname="org.inmaktest.ContactEx" name="tc1" time="20.239"/>
  <system-out/>
  <testcase classname="org.inmaktest.ContactEx" name="tc3" time="0.593"/>
  <system-out/>
  <testcase classname="org.inmaktest.ContactEx" name="tc2" time="0.003"/>
  <system-out/>
</testsuite> <!-- org.inmaktest.ContactEx -->
